<?xml version="1.0" encoding="UTF-8"?>
<testsuite xmlns:xsi="http://www.w3.org/2001/XMLSchema-instance" xsi:noNamespaceSchemaLocation="https://maven.apache.org/surefire/maven-surefire-plugin/xsd/surefire-test-report.xsd" name="com.example.demo.DemoApplicationTests" time="0.125" tests="1" errors="1" skipped="0" failures="0">
  <properties>
    <property name="java.specification.version" value="17"/>
    <property name="sun.jnu.encoding" value="UTF-8"/>
    <property name="java.class.path" value="/Users/uzzwalpreetkaur/Development/Projects/FileLoader/target/test-classes:/Users/uzzwalpreetkaur/Development/Projects/FileLoader/target/classes:/Users/uzzwalpreetkaur/.m2/repository/org/springframework/boot/spring-boot-starter-security/3.0.0-SNAPSHOT/spring-boot-starter-security-3.0.0-SNAPSHOT.jar:/Users/uzzwalpreetkaur/.m2/repository/org/springframework/boot/spring-boot-starter/3.0.0-SNAPSHOT/spring-boot-starter-3.0.0-SNAPSHOT.jar:/Users/uzzwalpreetkaur/.m2/repository/org/springframework/boot/spring-boot-starter-logging/3.0.0-SNAPSHOT/spring-boot-starter-logging-3.0.0-SNAPSHOT.jar:/Users/uzzwalpreetkaur/.m2/repository/ch/qos/logback/logback-classic/1.2.11/logback-classic-1.2.11.jar:/Users/uzzwalpreetkaur/.m2/repository/ch/qos/logback/logback-core/1.2.11/logback-core-1.2.11.jar:/Users/uzzwalpreetkaur/.m2/repository/org/apache/logging/log4j/log4j-to-slf4j/2.19.0/log4j-to-slf4j-2.19.0.jar:/Users/uzzwalpreetkaur/.m2/repository/org/apache/logging/log4j/log4j-api/2.19.0/log4j-api-2.19.0.jar:/Users/uzzwalpreetkaur/.m2/repository/org/slf4j/jul-to-slf4j/1.7.36/jul-to-slf4j-1.7.36.jar:/Users/uzzwalpreetkaur/.m2/repository/jakarta/annotation/jakarta.annotation-api/2.0.0/jakarta.annotation-api-2.0.0.jar:/Users/uzzwalpreetkaur/.m2/repository/org/yaml/snakeyaml/1.33/snakeyaml-1.33.jar:/Users/uzzwalpreetkaur/.m2/repository/org/springframework/spring-aop/6.0.0-M6/spring-aop-6.0.0-M6.jar:/Users/uzzwalpreetkaur/.m2/repository/org/springframework/spring-beans/6.0.0-M6/spring-beans-6.0.0-M6.jar:/Users/uzzwalpreetkaur/.m2/repository/org/springframework/security/spring-security-config/6.0.0-M7/spring-security-config-6.0.0-M7.jar:/Users/uzzwalpreetkaur/.m2/repository/org/springframework/spring-context/6.0.0-M6/spring-context-6.0.0-M6.jar:/Users/uzzwalpreetkaur/.m2/repository/org/springframework/security/spring-security-web/6.0.0-M7/spring-security-web-6.0.0-M7.jar:/Users/uzzwalpreetkaur/.m2/repository/org/springframework/spring-expression/6.0.0-M6/spring-expression-6.0.0-M6.jar:/Users/uzzwalpreetkaur/.m2/repository/org/springframework/boot/spring-boot-starter-web/3.0.0-SNAPSHOT/spring-boot-starter-web-3.0.0-SNAPSHOT.jar:/Users/uzzwalpreetkaur/.m2/repository/org/springframework/boot/spring-boot-starter-json/3.0.0-SNAPSHOT/spring-boot-starter-json-3.0.0-SNAPSHOT.jar:/Users/uzzwalpreetkaur/.m2/repository/com/fasterxml/jackson/core/jackson-databind/2.13.4/jackson-databind-2.13.4.jar:/Users/uzzwalpreetkaur/.m2/repository/com/fasterxml/jackson/core/jackson-annotations/2.13.4/jackson-annotations-2.13.4.jar:/Users/uzzwalpreetkaur/.m2/repository/com/fasterxml/jackson/core/jackson-core/2.13.4/jackson-core-2.13.4.jar:/Users/uzzwalpreetkaur/.m2/repository/com/fasterxml/jackson/datatype/jackson-datatype-jdk8/2.13.4/jackson-datatype-jdk8-2.13.4.jar:/Users/uzzwalpreetkaur/.m2/repository/com/fasterxml/jackson/datatype/jackson-datatype-jsr310/2.13.4/jackson-datatype-jsr310-2.13.4.jar:/Users/uzzwalpreetkaur/.m2/repository/com/fasterxml/jackson/module/jackson-module-parameter-names/2.13.4/jackson-module-parameter-names-2.13.4.jar:/Users/uzzwalpreetkaur/.m2/repository/org/springframework/boot/spring-boot-starter-tomcat/3.0.0-SNAPSHOT/spring-boot-starter-tomcat-3.0.0-SNAPSHOT.jar:/Users/uzzwalpreetkaur/.m2/repository/org/apache/tomcat/embed/tomcat-embed-core/10.0.23/tomcat-embed-core-10.0.23.jar:/Users/uzzwalpreetkaur/.m2/repository/org/apache/tomcat/embed/tomcat-embed-el/10.0.23/tomcat-embed-el-10.0.23.jar:/Users/uzzwalpreetkaur/.m2/repository/org/apache/tomcat/embed/tomcat-embed-websocket/10.0.23/tomcat-embed-websocket-10.0.23.jar:/Users/uzzwalpreetkaur/.m2/repository/org/springframework/spring-web/6.0.0-M6/spring-web-6.0.0-M6.jar:/Users/uzzwalpreetkaur/.m2/repository/io/micrometer/micrometer-observation/1.10.0-M6/micrometer-observation-1.10.0-M6.jar:/Users/uzzwalpreetkaur/.m2/repository/io/micrometer/micrometer-commons/1.10.0-M6/micrometer-commons-1.10.0-M6.jar:/Users/uzzwalpreetkaur/.m2/repository/org/springframework/spring-webmvc/6.0.0-M6/spring-webmvc-6.0.0-M6.jar:/Users/uzzwalpreetkaur/.m2/repository/org/springframework/boot/spring-boot-devtools/3.0.0-SNAPSHOT/spring-boot-devtools-3.0.0-SNAPSHOT.jar:/Users/uzzwalpreetkaur/.m2/repository/org/springframework/boot/spring-boot/3.0.0-SNAPSHOT/spring-boot-3.0.0-SNAPSHOT.jar:/Users/uzzwalpreetkaur/.m2/repository/org/springframework/boot/spring-boot-autoconfigure/3.0.0-SNAPSHOT/spring-boot-autoconfigure-3.0.0-SNAPSHOT.jar:/Users/uzzwalpreetkaur/.m2/repository/org/projectlombok/lombok/1.18.24/lombok-1.18.24.jar:/Users/uzzwalpreetkaur/.m2/repository/org/springframework/boot/spring-boot-starter-test/3.0.0-SNAPSHOT/spring-boot-starter-test-3.0.0-SNAPSHOT.jar:/Users/uzzwalpreetkaur/.m2/repository/org/springframework/boot/spring-boot-test/3.0.0-SNAPSHOT/spring-boot-test-3.0.0-SNAPSHOT.jar:/Users/uzzwalpreetkaur/.m2/repository/org/springframework/boot/spring-boot-test-autoconfigure/3.0.0-SNAPSHOT/spring-boot-test-autoconfigure-3.0.0-SNAPSHOT.jar:/Users/uzzwalpreetkaur/.m2/repository/com/jayway/jsonpath/json-path/2.7.0/json-path-2.7.0.jar:/Users/uzzwalpreetkaur/.m2/repository/net/minidev/json-smart/2.4.8/json-smart-2.4.8.jar:/Users/uzzwalpreetkaur/.m2/repository/net/minidev/accessors-smart/2.4.8/accessors-smart-2.4.8.jar:/Users/uzzwalpreetkaur/.m2/repository/org/ow2/asm/asm/9.1/asm-9.1.jar:/Users/uzzwalpreetkaur/.m2/repository/org/slf4j/slf4j-api/1.7.36/slf4j-api-1.7.36.jar:/Users/uzzwalpreetkaur/.m2/repository/jakarta/xml/bind/jakarta.xml.bind-api/3.0.1/jakarta.xml.bind-api-3.0.1.jar:/Users/uzzwalpreetkaur/.m2/repository/com/sun/activation/jakarta.activation/2.0.1/jakarta.activation-2.0.1.jar:/Users/uzzwalpreetkaur/.m2/repository/org/assertj/assertj-core/3.23.1/assertj-core-3.23.1.jar:/Users/uzzwalpreetkaur/.m2/repository/net/bytebuddy/byte-buddy/1.12.17/byte-buddy-1.12.17.jar:/Users/uzzwalpreetkaur/.m2/repository/org/hamcrest/hamcrest/2.2/hamcrest-2.2.jar:/Users/uzzwalpreetkaur/.m2/repository/org/junit/jupiter/junit-jupiter/5.9.1/junit-jupiter-5.9.1.jar:/Users/uzzwalpreetkaur/.m2/repository/org/junit/jupiter/junit-jupiter-api/5.9.1/junit-jupiter-api-5.9.1.jar:/Users/uzzwalpreetkaur/.m2/repository/org/opentest4j/opentest4j/1.2.0/opentest4j-1.2.0.jar:/Users/uzzwalpreetkaur/.m2/repository/org/junit/platform/junit-platform-commons/1.9.1/junit-platform-commons-1.9.1.jar:/Users/uzzwalpreetkaur/.m2/repository/org/apiguardian/apiguardian-api/1.1.2/apiguardian-api-1.1.2.jar:/Users/uzzwalpreetkaur/.m2/repository/org/junit/jupiter/junit-jupiter-params/5.9.1/junit-jupiter-params-5.9.1.jar:/Users/uzzwalpreetkaur/.m2/repository/org/junit/jupiter/junit-jupiter-engine/5.9.1/junit-jupiter-engine-5.9.1.jar:/Users/uzzwalpreetkaur/.m2/repository/org/junit/platform/junit-platform-engine/1.9.1/junit-platform-engine-1.9.1.jar:/Users/uzzwalpreetkaur/.m2/repository/org/mockito/mockito-core/4.8.0/mockito-core-4.8.0.jar:/Users/uzzwalpreetkaur/.m2/repository/net/bytebuddy/byte-buddy-agent/1.12.17/byte-buddy-agent-1.12.17.jar:/Users/uzzwalpreetkaur/.m2/repository/org/objenesis/objenesis/3.2/objenesis-3.2.jar:/Users/uzzwalpreetkaur/.m2/repository/org/mockito/mockito-junit-jupiter/4.8.0/mockito-junit-jupiter-4.8.0.jar:/Users/uzzwalpreetkaur/.m2/repository/org/skyscreamer/jsonassert/1.5.1/jsonassert-1.5.1.jar:/Users/uzzwalpreetkaur/.m2/repository/com/vaadin/external/google/android-json/0.0.20131108.vaadin1/android-json-0.0.20131108.vaadin1.jar:/Users/uzzwalpreetkaur/.m2/repository/org/springframework/spring-core/6.0.0-M6/spring-core-6.0.0-M6.jar:/Users/uzzwalpreetkaur/.m2/repository/org/springframework/spring-jcl/6.0.0-M6/spring-jcl-6.0.0-M6.jar:/Users/uzzwalpreetkaur/.m2/repository/org/springframework/spring-test/6.0.0-M6/spring-test-6.0.0-M6.jar:/Users/uzzwalpreetkaur/.m2/repository/org/xmlunit/xmlunit-core/2.9.0/xmlunit-core-2.9.0.jar:/Users/uzzwalpreetkaur/.m2/repository/org/springframework/security/spring-security-test/6.0.0-M7/spring-security-test-6.0.0-M7.jar:/Users/uzzwalpreetkaur/.m2/repository/org/springframework/security/spring-security-core/6.0.0-M7/spring-security-core-6.0.0-M7.jar:/Users/uzzwalpreetkaur/.m2/repository/org/springframework/security/spring-security-crypto/6.0.0-M7/spring-security-crypto-6.0.0-M7.jar:"/>
    <property name="java.vm.vendor" value="Oracle Corporation"/>
    <property name="sun.arch.data.model" value="64"/>
    <property name="java.vendor.url" value="https://java.oracle.com/"/>
    <property name="os.name" value="Mac OS X"/>
    <property name="java.vm.specification.version" value="17"/>
    <property name="sun.java.launcher" value="SUN_STANDARD"/>
    <property name="user.country" value="IN"/>
    <property name="sun.boot.library.path" value="/Library/Java/JavaVirtualMachines/jdk-17.0.4.jdk/Contents/Home/lib"/>
    <property name="sun.java.command" value="/Users/uzzwalpreetkaur/Development/Projects/FileLoader/target/surefire/surefirebooter3048095966565416587.jar /Users/uzzwalpreetkaur/Development/Projects/FileLoader/target/surefire 2022-09-28T22-48-59_052-jvmRun1 surefire14343604575549483234tmp surefire_010722635829913605644tmp"/>
    <property name="http.nonProxyHosts" value="local|*.local|169.254/16|*.169.254/16"/>
    <property name="jdk.debug" value="release"/>
    <property name="surefire.test.class.path" value="/Users/uzzwalpreetkaur/Development/Projects/FileLoader/target/test-classes:/Users/uzzwalpreetkaur/Development/Projects/FileLoader/target/classes:/Users/uzzwalpreetkaur/.m2/repository/org/springframework/boot/spring-boot-starter-security/3.0.0-SNAPSHOT/spring-boot-starter-security-3.0.0-SNAPSHOT.jar:/Users/uzzwalpreetkaur/.m2/repository/org/springframework/boot/spring-boot-starter/3.0.0-SNAPSHOT/spring-boot-starter-3.0.0-SNAPSHOT.jar:/Users/uzzwalpreetkaur/.m2/repository/org/springframework/boot/spring-boot-starter-logging/3.0.0-SNAPSHOT/spring-boot-starter-logging-3.0.0-SNAPSHOT.jar:/Users/uzzwalpreetkaur/.m2/repository/ch/qos/logback/logback-classic/1.2.11/logback-classic-1.2.11.jar:/Users/uzzwalpreetkaur/.m2/repository/ch/qos/logback/logback-core/1.2.11/logback-core-1.2.11.jar:/Users/uzzwalpreetkaur/.m2/repository/org/apache/logging/log4j/log4j-to-slf4j/2.19.0/log4j-to-slf4j-2.19.0.jar:/Users/uzzwalpreetkaur/.m2/repository/org/apache/logging/log4j/log4j-api/2.19.0/log4j-api-2.19.0.jar:/Users/uzzwalpreetkaur/.m2/repository/org/slf4j/jul-to-slf4j/1.7.36/jul-to-slf4j-1.7.36.jar:/Users/uzzwalpreetkaur/.m2/repository/jakarta/annotation/jakarta.annotation-api/2.0.0/jakarta.annotation-api-2.0.0.jar:/Users/uzzwalpreetkaur/.m2/repository/org/yaml/snakeyaml/1.33/snakeyaml-1.33.jar:/Users/uzzwalpreetkaur/.m2/repository/org/springframework/spring-aop/6.0.0-M6/spring-aop-6.0.0-M6.jar:/Users/uzzwalpreetkaur/.m2/repository/org/springframework/spring-beans/6.0.0-M6/spring-beans-6.0.0-M6.jar:/Users/uzzwalpreetkaur/.m2/repository/org/springframework/security/spring-security-config/6.0.0-M7/spring-security-config-6.0.0-M7.jar:/Users/uzzwalpreetkaur/.m2/repository/org/springframework/spring-context/6.0.0-M6/spring-context-6.0.0-M6.jar:/Users/uzzwalpreetkaur/.m2/repository/org/springframework/security/spring-security-web/6.0.0-M7/spring-security-web-6.0.0-M7.jar:/Users/uzzwalpreetkaur/.m2/repository/org/springframework/spring-expression/6.0.0-M6/spring-expression-6.0.0-M6.jar:/Users/uzzwalpreetkaur/.m2/repository/org/springframework/boot/spring-boot-starter-web/3.0.0-SNAPSHOT/spring-boot-starter-web-3.0.0-SNAPSHOT.jar:/Users/uzzwalpreetkaur/.m2/repository/org/springframework/boot/spring-boot-starter-json/3.0.0-SNAPSHOT/spring-boot-starter-json-3.0.0-SNAPSHOT.jar:/Users/uzzwalpreetkaur/.m2/repository/com/fasterxml/jackson/core/jackson-databind/2.13.4/jackson-databind-2.13.4.jar:/Users/uzzwalpreetkaur/.m2/repository/com/fasterxml/jackson/core/jackson-annotations/2.13.4/jackson-annotations-2.13.4.jar:/Users/uzzwalpreetkaur/.m2/repository/com/fasterxml/jackson/core/jackson-core/2.13.4/jackson-core-2.13.4.jar:/Users/uzzwalpreetkaur/.m2/repository/com/fasterxml/jackson/datatype/jackson-datatype-jdk8/2.13.4/jackson-datatype-jdk8-2.13.4.jar:/Users/uzzwalpreetkaur/.m2/repository/com/fasterxml/jackson/datatype/jackson-datatype-jsr310/2.13.4/jackson-datatype-jsr310-2.13.4.jar:/Users/uzzwalpreetkaur/.m2/repository/com/fasterxml/jackson/module/jackson-module-parameter-names/2.13.4/jackson-module-parameter-names-2.13.4.jar:/Users/uzzwalpreetkaur/.m2/repository/org/springframework/boot/spring-boot-starter-tomcat/3.0.0-SNAPSHOT/spring-boot-starter-tomcat-3.0.0-SNAPSHOT.jar:/Users/uzzwalpreetkaur/.m2/repository/org/apache/tomcat/embed/tomcat-embed-core/10.0.23/tomcat-embed-core-10.0.23.jar:/Users/uzzwalpreetkaur/.m2/repository/org/apache/tomcat/embed/tomcat-embed-el/10.0.23/tomcat-embed-el-10.0.23.jar:/Users/uzzwalpreetkaur/.m2/repository/org/apache/tomcat/embed/tomcat-embed-websocket/10.0.23/tomcat-embed-websocket-10.0.23.jar:/Users/uzzwalpreetkaur/.m2/repository/org/springframework/spring-web/6.0.0-M6/spring-web-6.0.0-M6.jar:/Users/uzzwalpreetkaur/.m2/repository/io/micrometer/micrometer-observation/1.10.0-M6/micrometer-observation-1.10.0-M6.jar:/Users/uzzwalpreetkaur/.m2/repository/io/micrometer/micrometer-commons/1.10.0-M6/micrometer-commons-1.10.0-M6.jar:/Users/uzzwalpreetkaur/.m2/repository/org/springframework/spring-webmvc/6.0.0-M6/spring-webmvc-6.0.0-M6.jar:/Users/uzzwalpreetkaur/.m2/repository/org/springframework/boot/spring-boot-devtools/3.0.0-SNAPSHOT/spring-boot-devtools-3.0.0-SNAPSHOT.jar:/Users/uzzwalpreetkaur/.m2/repository/org/springframework/boot/spring-boot/3.0.0-SNAPSHOT/spring-boot-3.0.0-SNAPSHOT.jar:/Users/uzzwalpreetkaur/.m2/repository/org/springframework/boot/spring-boot-autoconfigure/3.0.0-SNAPSHOT/spring-boot-autoconfigure-3.0.0-SNAPSHOT.jar:/Users/uzzwalpreetkaur/.m2/repository/org/projectlombok/lombok/1.18.24/lombok-1.18.24.jar:/Users/uzzwalpreetkaur/.m2/repository/org/springframework/boot/spring-boot-starter-test/3.0.0-SNAPSHOT/spring-boot-starter-test-3.0.0-SNAPSHOT.jar:/Users/uzzwalpreetkaur/.m2/repository/org/springframework/boot/spring-boot-test/3.0.0-SNAPSHOT/spring-boot-test-3.0.0-SNAPSHOT.jar:/Users/uzzwalpreetkaur/.m2/repository/org/springframework/boot/spring-boot-test-autoconfigure/3.0.0-SNAPSHOT/spring-boot-test-autoconfigure-3.0.0-SNAPSHOT.jar:/Users/uzzwalpreetkaur/.m2/repository/com/jayway/jsonpath/json-path/2.7.0/json-path-2.7.0.jar:/Users/uzzwalpreetkaur/.m2/repository/net/minidev/json-smart/2.4.8/json-smart-2.4.8.jar:/Users/uzzwalpreetkaur/.m2/repository/net/minidev/accessors-smart/2.4.8/accessors-smart-2.4.8.jar:/Users/uzzwalpreetkaur/.m2/repository/org/ow2/asm/asm/9.1/asm-9.1.jar:/Users/uzzwalpreetkaur/.m2/repository/org/slf4j/slf4j-api/1.7.36/slf4j-api-1.7.36.jar:/Users/uzzwalpreetkaur/.m2/repository/jakarta/xml/bind/jakarta.xml.bind-api/3.0.1/jakarta.xml.bind-api-3.0.1.jar:/Users/uzzwalpreetkaur/.m2/repository/com/sun/activation/jakarta.activation/2.0.1/jakarta.activation-2.0.1.jar:/Users/uzzwalpreetkaur/.m2/repository/org/assertj/assertj-core/3.23.1/assertj-core-3.23.1.jar:/Users/uzzwalpreetkaur/.m2/repository/net/bytebuddy/byte-buddy/1.12.17/byte-buddy-1.12.17.jar:/Users/uzzwalpreetkaur/.m2/repository/org/hamcrest/hamcrest/2.2/hamcrest-2.2.jar:/Users/uzzwalpreetkaur/.m2/repository/org/junit/jupiter/junit-jupiter/5.9.1/junit-jupiter-5.9.1.jar:/Users/uzzwalpreetkaur/.m2/repository/org/junit/jupiter/junit-jupiter-api/5.9.1/junit-jupiter-api-5.9.1.jar:/Users/uzzwalpreetkaur/.m2/repository/org/opentest4j/opentest4j/1.2.0/opentest4j-1.2.0.jar:/Users/uzzwalpreetkaur/.m2/repository/org/junit/platform/junit-platform-commons/1.9.1/junit-platform-commons-1.9.1.jar:/Users/uzzwalpreetkaur/.m2/repository/org/apiguardian/apiguardian-api/1.1.2/apiguardian-api-1.1.2.jar:/Users/uzzwalpreetkaur/.m2/repository/org/junit/jupiter/junit-jupiter-params/5.9.1/junit-jupiter-params-5.9.1.jar:/Users/uzzwalpreetkaur/.m2/repository/org/junit/jupiter/junit-jupiter-engine/5.9.1/junit-jupiter-engine-5.9.1.jar:/Users/uzzwalpreetkaur/.m2/repository/org/junit/platform/junit-platform-engine/1.9.1/junit-platform-engine-1.9.1.jar:/Users/uzzwalpreetkaur/.m2/repository/org/mockito/mockito-core/4.8.0/mockito-core-4.8.0.jar:/Users/uzzwalpreetkaur/.m2/repository/net/bytebuddy/byte-buddy-agent/1.12.17/byte-buddy-agent-1.12.17.jar:/Users/uzzwalpreetkaur/.m2/repository/org/objenesis/objenesis/3.2/objenesis-3.2.jar:/Users/uzzwalpreetkaur/.m2/repository/org/mockito/mockito-junit-jupiter/4.8.0/mockito-junit-jupiter-4.8.0.jar:/Users/uzzwalpreetkaur/.m2/repository/org/skyscreamer/jsonassert/1.5.1/jsonassert-1.5.1.jar:/Users/uzzwalpreetkaur/.m2/repository/com/vaadin/external/google/android-json/0.0.20131108.vaadin1/android-json-0.0.20131108.vaadin1.jar:/Users/uzzwalpreetkaur/.m2/repository/org/springframework/spring-core/6.0.0-M6/spring-core-6.0.0-M6.jar:/Users/uzzwalpreetkaur/.m2/repository/org/springframework/spring-jcl/6.0.0-M6/spring-jcl-6.0.0-M6.jar:/Users/uzzwalpreetkaur/.m2/repository/org/springframework/spring-test/6.0.0-M6/spring-test-6.0.0-M6.jar:/Users/uzzwalpreetkaur/.m2/repository/org/xmlunit/xmlunit-core/2.9.0/xmlunit-core-2.9.0.jar:/Users/uzzwalpreetkaur/.m2/repository/org/springframework/security/spring-security-test/6.0.0-M7/spring-security-test-6.0.0-M7.jar:/Users/uzzwalpreetkaur/.m2/repository/org/springframework/security/spring-security-core/6.0.0-M7/spring-security-core-6.0.0-M7.jar:/Users/uzzwalpreetkaur/.m2/repository/org/springframework/security/spring-security-crypto/6.0.0-M7/spring-security-crypto-6.0.0-M7.jar:"/>
    <property name="sun.cpu.endian" value="little"/>
    <property name="user.home" value="/Users/uzzwalpreetkaur"/>
    <property name="user.language" value="en"/>
    <property name="java.specification.vendor" value="Oracle Corporation"/>
    <property name="java.version.date" value="2022-07-19"/>
    <property name="java.home" value="/Library/Java/JavaVirtualMachines/jdk-17.0.4.jdk/Contents/Home"/>
    <property name="file.separator" value="/"/>
    <property name="basedir" value="/Users/uzzwalpreetkaur/Development/Projects/FileLoader"/>
    <property name="java.vm.compressedOopsMode" value="Zero based"/>
    <property name="line.separator" value="&#10;"/>
    <property name="java.specification.name" value="Java Platform API Specification"/>
    <property name="java.vm.specification.vendor" value="Oracle Corporation"/>
    <property name="surefire.real.class.path" value="/Users/uzzwalpreetkaur/Development/Projects/FileLoader/target/surefire/surefirebooter3048095966565416587.jar"/>
    <property name="sun.management.compiler" value="HotSpot 64-Bit Tiered Compilers"/>
    <property name="ftp.nonProxyHosts" value="local|*.local|169.254/16|*.169.254/16"/>
    <property name="java.runtime.version" value="17.0.4+11-LTS-179"/>
    <property name="user.name" value="uzzwalpreetkaur"/>
    <property name="path.separator" value=":"/>
    <property name="os.version" value="12.5.1"/>
    <property name="java.runtime.name" value="Java(TM) SE Runtime Environment"/>
    <property name="file.encoding" value="UTF-8"/>
    <property name="java.vm.name" value="Java HotSpot(TM) 64-Bit Server VM"/>
    <property name="localRepository" value="/Users/uzzwalpreetkaur/.m2/repository"/>
    <property name="java.vendor.url.bug" value="https://bugreport.java.com/bugreport/"/>
    <property name="java.io.tmpdir" value="/var/folders/hl/shwsckz127l652l3hx0v48bh0000gn/T/"/>
    <property name="java.version" value="17.0.4"/>
    <property name="user.dir" value="/Users/uzzwalpreetkaur/Development/Projects/FileLoader"/>
    <property name="os.arch" value="aarch64"/>
    <property name="java.vm.specification.name" value="Java Virtual Machine Specification"/>
    <property name="native.encoding" value="UTF-8"/>
    <property name="java.library.path" value="/Users/uzzwalpreetkaur/Library/Java/Extensions:/Library/Java/Extensions:/Network/Library/Java/Extensions:/System/Library/Java/Extensions:/usr/lib/java:."/>
    <property name="java.vm.info" value="mixed mode, sharing"/>
    <property name="java.vendor" value="Oracle Corporation"/>
    <property name="java.vm.version" value="17.0.4+11-LTS-179"/>
    <property name="sun.io.unicode.encoding" value="UnicodeBig"/>
    <property name="socksNonProxyHosts" value="local|*.local|169.254/16|*.169.254/16"/>
    <property name="java.class.version" value="61.0"/>
  </properties>
  <testcase name="com.example.demo.DemoApplicationTests" classname="com.example.demo.DemoApplicationTests" time="0.124">
    <error message="Cannot invoke &quot;java.lang.Class.getName()&quot; because &quot;found&quot; is null" type="java.lang.NullPointerException">java.lang.NullPointerException: Cannot invoke "java.lang.Class.getName()" because "found" is null
</error>
    <system-out><![CDATA[22:48:59.386 [main] DEBUG org.springframework.test.context.BootstrapUtils - Instantiating CacheAwareContextLoaderDelegate from class [org.springframework.test.context.cache.DefaultCacheAwareContextLoaderDelegate]
22:48:59.399 [main] DEBUG org.springframework.test.context.BootstrapUtils - Instantiating BootstrapContext using constructor [public org.springframework.test.context.support.DefaultBootstrapContext(java.lang.Class,org.springframework.test.context.CacheAwareContextLoaderDelegate)]
22:48:59.415 [main] DEBUG org.springframework.test.context.BootstrapUtils - Instantiating TestContextBootstrapper for test class [com.example.demo.DemoApplicationTests] from class [org.springframework.boot.test.context.SpringBootTestContextBootstrapper]
22:48:59.420 [main] INFO org.springframework.boot.test.context.SpringBootTestContextBootstrapper - Neither @ContextConfiguration nor @ContextHierarchy found for test class [com.example.demo.DemoApplicationTests], using SpringBootContextLoader
22:48:59.423 [main] DEBUG org.springframework.test.context.support.AbstractContextLoader - Did not detect default resource location for test class [com.example.demo.DemoApplicationTests]: class path resource [com/example/demo/DemoApplicationTests-context.xml] does not exist
22:48:59.423 [main] DEBUG org.springframework.test.context.support.AbstractContextLoader - Did not detect default resource location for test class [com.example.demo.DemoApplicationTests]: class path resource [com/example/demo/DemoApplicationTestsContext.groovy] does not exist
22:48:59.423 [main] INFO org.springframework.test.context.support.AbstractContextLoader - Could not detect default resource locations for test class [com.example.demo.DemoApplicationTests]: no resource found for suffixes {-context.xml, Context.groovy}.
22:48:59.423 [main] INFO org.springframework.test.context.support.AnnotationConfigContextLoaderUtils - Could not detect default configuration classes for test class [com.example.demo.DemoApplicationTests]: DemoApplicationTests does not declare any static, non-private, non-final, nested classes annotated with @Configuration.
22:48:59.434 [main] DEBUG org.springframework.boot.test.context.SpringBootTestContextBootstrapper - Loaded ContextCustomizerFactory implementations from location [META-INF/spring.factories]: [org.springframework.boot.test.context.ImportsContextCustomizerFactory, org.springframework.boot.test.context.filter.ExcludeFilterContextCustomizerFactory, org.springframework.boot.test.graphql.tester.HttpGraphQlTesterContextCustomizerFactory, org.springframework.boot.test.json.DuplicateJsonObjectContextCustomizerFactory, org.springframework.boot.test.mock.mockito.MockitoContextCustomizerFactory, org.springframework.boot.test.web.client.TestRestTemplateContextCustomizerFactory, org.springframework.boot.test.web.reactive.server.WebTestClientContextCustomizerFactory, org.springframework.boot.test.autoconfigure.OverrideAutoConfigurationContextCustomizerFactory, org.springframework.boot.test.autoconfigure.actuate.observability.ObservabilityContextCustomizerFactory, org.springframework.boot.test.autoconfigure.filter.TypeExcludeFiltersContextCustomizerFactory, org.springframework.boot.test.autoconfigure.properties.PropertyMappingContextCustomizerFactory, org.springframework.boot.test.autoconfigure.web.servlet.WebDriverContextCustomizerFactory, org.springframework.test.context.web.socket.MockServerContainerContextCustomizerFactory, org.springframework.test.context.support.DynamicPropertiesContextCustomizerFactory]
22:48:59.441 [main] INFO org.springframework.boot.test.context.SpringBootTestContextBootstrapper - Using ContextCustomizers: [org.springframework.boot.test.context.filter.ExcludeFilterContextCustomizer@5939a379, org.springframework.boot.test.json.DuplicateJsonObjectContextCustomizerFactory$DuplicateJsonObjectContextCustomizer@40cb8df7, org.springframework.boot.test.mock.mockito.MockitoContextCustomizer@0, org.springframework.boot.test.web.client.TestRestTemplateContextCustomizer@77eca502, org.springframework.boot.test.autoconfigure.actuate.observability.ObservabilityContextCustomizerFactory$DisableObservabilityContextCustomizer@9da1, org.springframework.boot.test.autoconfigure.properties.PropertyMappingContextCustomizer@0, org.springframework.boot.test.autoconfigure.web.servlet.WebDriverContextCustomizerFactory$Customizer@41fecb8b]
22:48:59.443 [main] DEBUG org.springframework.test.context.support.ActiveProfilesUtils - Could not find an 'annotation declaring class' for annotation type [org.springframework.test.context.ActiveProfiles] and class [com.example.demo.DemoApplicationTests]
]]></system-out>
  </testcase>
</testsuite>